<?xml version="1.0" encoding="UTF-8"?>
<!-- Generated by org.testng.reporters.JUnitXMLReporter -->
<testsuite hostname="DESKTOP-1GCILR8" ignored="0" name="Sort and Verify a sortable List" tests="2" failures="0" timestamp="30 out 2018 20:46:37 GMT" time="9.635" errors="0">
  <testcase name="Test1OrderItem" time="9.289" classname="testpageobjects.TestSortList"/>
  <testcase name="Test2VerifyListOrdered" time="0.273" classname="testpageobjects.TestSortList"/>
</testsuite> <!-- Sort and Verify a sortable List -->
